<?xml version="1.0" encoding="UTF-8"?>
<testsuite name="com.kotlinspring.CourseCatalogServiceApplicationTests" tests="1" skipped="0" failures="0" errors="0" timestamp="2022-12-05T13:48:53" hostname="MacBook-Pro" time="0.235">
  <properties/>
  <testcase name="contextLoads()" classname="com.kotlinspring.CourseCatalogServiceApplicationTests" time="0.235"/>
  <system-out><![CDATA[07:48:50.601 [Test worker] DEBUG org.springframework.test.context.BootstrapUtils - Instantiating CacheAwareContextLoaderDelegate from class [org.springframework.test.context.cache.DefaultCacheAwareContextLoaderDelegate]
07:48:50.610 [Test worker] DEBUG org.springframework.test.context.BootstrapUtils - Instantiating BootstrapContext using constructor [public org.springframework.test.context.support.DefaultBootstrapContext(java.lang.Class,org.springframework.test.context.CacheAwareContextLoaderDelegate)]
07:48:50.637 [Test worker] DEBUG org.springframework.test.context.BootstrapUtils - Instantiating TestContextBootstrapper for test class [com.kotlinspring.CourseCatalogServiceApplicationTests] from class [org.springframework.boot.test.context.SpringBootTestContextBootstrapper]
07:48:50.650 [Test worker] INFO org.springframework.boot.test.context.SpringBootTestContextBootstrapper - Neither @ContextConfiguration nor @ContextHierarchy found for test class [com.kotlinspring.CourseCatalogServiceApplicationTests], using SpringBootContextLoader
07:48:50.654 [Test worker] DEBUG org.springframework.test.context.support.AbstractContextLoader - Did not detect default resource location for test class [com.kotlinspring.CourseCatalogServiceApplicationTests]: class path resource [com/kotlinspring/CourseCatalogServiceApplicationTests-context.xml] does not exist
07:48:50.654 [Test worker] DEBUG org.springframework.test.context.support.AbstractContextLoader - Did not detect default resource location for test class [com.kotlinspring.CourseCatalogServiceApplicationTests]: class path resource [com/kotlinspring/CourseCatalogServiceApplicationTestsContext.groovy] does not exist
07:48:50.654 [Test worker] INFO org.springframework.test.context.support.AbstractContextLoader - Could not detect default resource locations for test class [com.kotlinspring.CourseCatalogServiceApplicationTests]: no resource found for suffixes {-context.xml, Context.groovy}.
07:48:50.655 [Test worker] INFO org.springframework.test.context.support.AnnotationConfigContextLoaderUtils - Could not detect default configuration classes for test class [com.kotlinspring.CourseCatalogServiceApplicationTests]: CourseCatalogServiceApplicationTests does not declare any static, non-private, non-final, nested classes annotated with @Configuration.
07:48:50.688 [Test worker] DEBUG org.springframework.test.context.support.ActiveProfilesUtils - Could not find an 'annotation declaring class' for annotation type [org.springframework.test.context.ActiveProfiles] and class [com.kotlinspring.CourseCatalogServiceApplicationTests]
07:48:50.732 [Test worker] DEBUG org.springframework.context.annotation.ClassPathScanningCandidateComponentProvider - Identified candidate component class: file [/Users/omatsola.sobotie/Documents/Java-projects/kotlin-projects/course-catalog-service/build/classes/kotlin/main/com/kotlinspring/CourseCatalogServiceApplication.class]
07:48:50.733 [Test worker] INFO org.springframework.boot.test.context.SpringBootTestContextBootstrapper - Found @SpringBootConfiguration com.kotlinspring.CourseCatalogServiceApplication for test class com.kotlinspring.CourseCatalogServiceApplicationTests
07:48:50.817 [Test worker] DEBUG org.springframework.boot.test.context.SpringBootTestContextBootstrapper - @TestExecutionListeners is not present for class [com.kotlinspring.CourseCatalogServiceApplicationTests]: using defaults.
07:48:50.818 [Test worker] INFO org.springframework.boot.test.context.SpringBootTestContextBootstrapper - Loaded default TestExecutionListener class names from location [META-INF/spring.factories]: [org.springframework.boot.test.autoconfigure.restdocs.RestDocsTestExecutionListener, org.springframework.boot.test.autoconfigure.web.client.MockRestServiceServerResetTestExecutionListener, org.springframework.boot.test.autoconfigure.web.servlet.MockMvcPrintOnlyOnFailureTestExecutionListener, org.springframework.boot.test.autoconfigure.web.servlet.WebDriverTestExecutionListener, org.springframework.boot.test.autoconfigure.webservices.client.MockWebServiceServerTestExecutionListener, org.springframework.boot.test.mock.mockito.MockitoTestExecutionListener, org.springframework.boot.test.mock.mockito.ResetMocksTestExecutionListener, org.springframework.test.context.web.ServletTestExecutionListener, org.springframework.test.context.support.DirtiesContextBeforeModesTestExecutionListener, org.springframework.test.context.event.ApplicationEventsTestExecutionListener, org.springframework.test.context.support.DependencyInjectionTestExecutionListener, org.springframework.test.context.support.DirtiesContextTestExecutionListener, org.springframework.test.context.transaction.TransactionalTestExecutionListener, org.springframework.test.context.jdbc.SqlScriptsTestExecutionListener, org.springframework.test.context.event.EventPublishingTestExecutionListener]
07:48:50.830 [Test worker] INFO org.springframework.boot.test.context.SpringBootTestContextBootstrapper - Using TestExecutionListeners: [org.springframework.test.context.web.ServletTestExecutionListener@5b40ceb, org.springframework.test.context.support.DirtiesContextBeforeModesTestExecutionListener@13c3c1e1, org.springframework.test.context.event.ApplicationEventsTestExecutionListener@1d8062d2, org.springframework.boot.test.mock.mockito.MockitoTestExecutionListener@1e63ec0b, org.springframework.boot.test.autoconfigure.SpringBootDependencyInjectionTestExecutionListener@3b956878, org.springframework.test.context.support.DirtiesContextTestExecutionListener@36546a22, org.springframework.test.context.transaction.TransactionalTestExecutionListener@285c08c8, org.springframework.test.context.jdbc.SqlScriptsTestExecutionListener@295eaa7c, org.springframework.test.context.event.EventPublishingTestExecutionListener@3918c187, org.springframework.boot.test.autoconfigure.restdocs.RestDocsTestExecutionListener@2c88b9fc, org.springframework.boot.test.autoconfigure.web.client.MockRestServiceServerResetTestExecutionListener@64dafeed, org.springframework.boot.test.autoconfigure.web.servlet.MockMvcPrintOnlyOnFailureTestExecutionListener@388ba540, org.springframework.boot.test.autoconfigure.web.servlet.WebDriverTestExecutionListener@47605f2f, org.springframework.boot.test.autoconfigure.webservices.client.MockWebServiceServerTestExecutionListener@2ece4966, org.springframework.boot.test.mock.mockito.ResetMocksTestExecutionListener@1dd0e7c4]
07:48:50.837 [Test worker] DEBUG org.springframework.test.context.support.AbstractDirtiesContextTestExecutionListener - Before test class: context [DefaultTestContext@5b057c8c testClass = CourseCatalogServiceApplicationTests, testInstance = [null], testMethod = [null], testException = [null], mergedContextConfiguration = [WebMergedContextConfiguration@1eb6749b testClass = CourseCatalogServiceApplicationTests, locations = '{}', classes = '{class com.kotlinspring.CourseCatalogServiceApplication}', contextInitializerClasses = '[]', activeProfiles = '{}', propertySourceLocations = '{}', propertySourceProperties = '{org.springframework.boot.test.context.SpringBootTestContextBootstrapper=true}', contextCustomizers = set[org.springframework.boot.test.autoconfigure.actuate.metrics.MetricsExportContextCustomizerFactory$DisableMetricExportContextCustomizer@7e5c856f, org.springframework.boot.test.autoconfigure.properties.PropertyMappingContextCustomizer@0, org.springframework.boot.test.autoconfigure.web.servlet.WebDriverContextCustomizerFactory$Customizer@58ce9668, org.springframework.boot.test.context.filter.ExcludeFilterContextCustomizer@1fa1cab1, org.springframework.boot.test.json.DuplicateJsonObjectContextCustomizerFactory$DuplicateJsonObjectContextCustomizer@51fadaff, org.springframework.boot.test.mock.mockito.MockitoContextCustomizer@0, org.springframework.boot.test.web.client.TestRestTemplateContextCustomizer@6c2c1385, org.springframework.boot.test.context.SpringBootTestArgs@1, org.springframework.boot.test.context.SpringBootTestWebEnvironment@37883b97], resourceBasePath = 'src/main/webapp', contextLoader = 'org.springframework.boot.test.context.SpringBootContextLoader', parent = [null]], attributes = map['org.springframework.test.context.web.ServletTestExecutionListener.activateListener' -> true]], class annotated with @DirtiesContext [false] with mode [null].

  .   ____          _            __ _ _
 /\\ / ___'_ __ _ _(_)_ __  __ _ \ \ \ \
( ( )\___ | '_ | '_| | '_ \/ _` | \ \ \ \
 \\/  ___)| |_)| | | | | || (_| |  ) ) ) )
  '  |____| .__|_| |_|_| |_\__, | / / / /
 =========|_|==============|___/=/_/_/_/
 :: Spring Boot ::                (v2.6.3)

2022-12-05 07:48:51.097  INFO 69675 --- [    Test worker] c.k.CourseCatalogServiceApplicationTests : Starting CourseCatalogServiceApplicationTests using Java 17.0.3 on MacBook-Pro with PID 69675 (started by omatsola.sobotie in /Users/omatsola.sobotie/Documents/Java-projects/kotlin-projects/course-catalog-service)
2022-12-05 07:48:51.098  INFO 69675 --- [    Test worker] c.k.CourseCatalogServiceApplicationTests : No active profile set, falling back to default profiles: default
2022-12-05 07:48:51.605  INFO 69675 --- [    Test worker] .s.d.r.c.RepositoryConfigurationDelegate : Bootstrapping Spring Data JPA repositories in DEFAULT mode.
2022-12-05 07:48:51.616  INFO 69675 --- [    Test worker] .s.d.r.c.RepositoryConfigurationDelegate : Finished Spring Data repository scanning in 4 ms. Found 0 JPA repository interfaces.
2022-12-05 07:48:51.947  INFO 69675 --- [    Test worker] com.zaxxer.hikari.HikariDataSource       : HikariPool-1 - Starting...
2022-12-05 07:48:52.079  INFO 69675 --- [    Test worker] com.zaxxer.hikari.HikariDataSource       : HikariPool-1 - Start completed.
2022-12-05 07:48:52.126  INFO 69675 --- [    Test worker] o.hibernate.jpa.internal.util.LogHelper  : HHH000204: Processing PersistenceUnitInfo [name: default]
2022-12-05 07:48:52.162  INFO 69675 --- [    Test worker] org.hibernate.Version                    : HHH000412: Hibernate ORM core version 5.6.4.Final
2022-12-05 07:48:52.278  INFO 69675 --- [    Test worker] o.hibernate.annotations.common.Version   : HCANN000001: Hibernate Commons Annotations {5.1.2.Final}
2022-12-05 07:48:52.370  INFO 69675 --- [    Test worker] org.hibernate.dialect.Dialect            : HHH000400: Using dialect: org.hibernate.dialect.H2Dialect
2022-12-05 07:48:52.538  INFO 69675 --- [    Test worker] o.h.e.t.j.p.i.JtaPlatformInitiator       : HHH000490: Using JtaPlatform implementation: [org.hibernate.engine.transaction.jta.platform.internal.NoJtaPlatform]
2022-12-05 07:48:52.544  INFO 69675 --- [    Test worker] j.LocalContainerEntityManagerFactoryBean : Initialized JPA EntityManagerFactory for persistence unit 'default'
2022-12-05 07:48:52.729  WARN 69675 --- [    Test worker] JpaBaseConfiguration$JpaWebConfiguration : spring.jpa.open-in-view is enabled by default. Therefore, database queries may be performed during view rendering. Explicitly configure spring.jpa.open-in-view to disable this warning
2022-12-05 07:48:53.132  INFO 69675 --- [    Test worker] c.k.CourseCatalogServiceApplicationTests : Started CourseCatalogServiceApplicationTests in 2.263 seconds (JVM running for 3.275)
]]></system-out>
  <system-err><![CDATA[]]></system-err>
</testsuite>
