<?xml version="1.0" encoding="UTF-8"?>
<testsuite name="com.kotlinspring.controller.GreetingControllerUnitTest" tests="1" skipped="0" failures="0" errors="0" timestamp="2023-02-20T03:21:36" hostname="Omatsolas-MBP-2" time="0.208">
  <properties/>
  <testcase name="retrieveGreeting()" classname="com.kotlinspring.controller.GreetingControllerUnitTest" time="0.208"/>
  <system-out><![CDATA[2023-02-20 04:21:34.422  INFO 22624 --- [    Test worker] .b.t.a.w.s.WebMvcTestContextBootstrapper : Neither @ContextConfiguration nor @ContextHierarchy found for test class [com.kotlinspring.controller.GreetingControllerUnitTest], using SpringBootContextLoader
2023-02-20 04:21:34.423  INFO 22624 --- [    Test worker] o.s.t.c.support.AbstractContextLoader    : Could not detect default resource locations for test class [com.kotlinspring.controller.GreetingControllerUnitTest]: no resource found for suffixes {-context.xml, Context.groovy}.
2023-02-20 04:21:34.424  INFO 22624 --- [    Test worker] t.c.s.AnnotationConfigContextLoaderUtils : Could not detect default configuration classes for test class [com.kotlinspring.controller.GreetingControllerUnitTest]: GreetingControllerUnitTest does not declare any static, non-private, non-final, nested classes annotated with @Configuration.
2023-02-20 04:21:34.435  INFO 22624 --- [    Test worker] .b.t.c.SpringBootTestContextBootstrapper : Found @SpringBootConfiguration com.kotlinspring.CourseCatalogServiceApplication for test class com.kotlinspring.controller.GreetingControllerUnitTest
2023-02-20 04:21:34.436  INFO 22624 --- [    Test worker] .b.t.a.w.s.WebMvcTestContextBootstrapper : Loaded default TestExecutionListener class names from location [META-INF/spring.factories]: [com.ninjasquad.springmockk.MockkTestExecutionListener, com.ninjasquad.springmockk.ClearMocksTestExecutionListener, org.springframework.boot.test.autoconfigure.restdocs.RestDocsTestExecutionListener, org.springframework.boot.test.autoconfigure.web.client.MockRestServiceServerResetTestExecutionListener, org.springframework.boot.test.autoconfigure.web.servlet.MockMvcPrintOnlyOnFailureTestExecutionListener, org.springframework.boot.test.autoconfigure.web.servlet.WebDriverTestExecutionListener, org.springframework.boot.test.autoconfigure.webservices.client.MockWebServiceServerTestExecutionListener, org.springframework.boot.test.mock.mockito.MockitoTestExecutionListener, org.springframework.boot.test.mock.mockito.ResetMocksTestExecutionListener, org.springframework.test.context.web.ServletTestExecutionListener, org.springframework.test.context.support.DirtiesContextBeforeModesTestExecutionListener, org.springframework.test.context.event.ApplicationEventsTestExecutionListener, org.springframework.test.context.support.DependencyInjectionTestExecutionListener, org.springframework.test.context.support.DirtiesContextTestExecutionListener, org.springframework.test.context.transaction.TransactionalTestExecutionListener, org.springframework.test.context.jdbc.SqlScriptsTestExecutionListener, org.springframework.test.context.event.EventPublishingTestExecutionListener]
2023-02-20 04:21:34.438  INFO 22624 --- [    Test worker] .b.t.a.w.s.WebMvcTestContextBootstrapper : Using TestExecutionListeners: [org.springframework.test.context.web.ServletTestExecutionListener@1923301a, org.springframework.test.context.support.DirtiesContextBeforeModesTestExecutionListener@4f9a8d71, org.springframework.test.context.event.ApplicationEventsTestExecutionListener@73ae084e, com.ninjasquad.springmockk.MockkTestExecutionListener@363a1d8d, org.springframework.boot.test.mock.mockito.MockitoTestExecutionListener@369958b0, org.springframework.boot.test.autoconfigure.SpringBootDependencyInjectionTestExecutionListener@2d73aa17, org.springframework.test.context.support.DirtiesContextTestExecutionListener@2e1c3b8f, org.springframework.test.context.transaction.TransactionalTestExecutionListener@482c8db4, org.springframework.test.context.jdbc.SqlScriptsTestExecutionListener@348c00d9, org.springframework.test.context.event.EventPublishingTestExecutionListener@41f274d, com.ninjasquad.springmockk.ClearMocksTestExecutionListener@4b90a402, org.springframework.boot.test.autoconfigure.restdocs.RestDocsTestExecutionListener@67fdc1e9, org.springframework.boot.test.autoconfigure.web.client.MockRestServiceServerResetTestExecutionListener@33a38f07, org.springframework.boot.test.autoconfigure.web.servlet.MockMvcPrintOnlyOnFailureTestExecutionListener@4e7bf371, org.springframework.boot.test.autoconfigure.web.servlet.WebDriverTestExecutionListener@5fe08, org.springframework.boot.test.autoconfigure.webservices.client.MockWebServiceServerTestExecutionListener@97e9568, org.springframework.boot.test.mock.mockito.ResetMocksTestExecutionListener@260af8f7]

  .   ____          _            __ _ _
 /\\ / ___'_ __ _ _(_)_ __  __ _ \ \ \ \
( ( )\___ | '_ | '_| | '_ \/ _` | \ \ \ \
 \\/  ___)| |_)| | | | | || (_| |  ) ) ) )
  '  |____| .__|_| |_|_| |_\__, | / / / /
 =========|_|==============|___/=/_/_/_/
 :: Spring Boot ::                (v2.6.3)

2023-02-20 04:21:34.475  INFO 22624 --- [    Test worker] c.k.c.GreetingControllerUnitTest         : Starting GreetingControllerUnitTest using Java 17.0.5 on Omatsolas-MBP-2 with PID 22624 (started by isaac in /Users/isaac/Documents/kotlin-projects/course-catalog-service)
2023-02-20 04:21:34.475  INFO 22624 --- [    Test worker] c.k.c.GreetingControllerUnitTest         : No active profile set, falling back to default profiles: default
2023-02-20 04:21:36.251  INFO 22624 --- [    Test worker] o.s.b.t.m.w.SpringBootMockServletContext : Initializing Spring TestDispatcherServlet ''
2023-02-20 04:21:36.252  INFO 22624 --- [    Test worker] o.s.t.web.servlet.TestDispatcherServlet  : Initializing Servlet ''
2023-02-20 04:21:36.253  INFO 22624 --- [    Test worker] o.s.t.web.servlet.TestDispatcherServlet  : Completed initialization in 1 ms
2023-02-20 04:21:36.320  INFO 22624 --- [    Test worker] c.k.c.GreetingControllerUnitTest         : Started GreetingControllerUnitTest in 1.867 seconds (JVM running for 11.309)
]]></system-out>
  <system-err><![CDATA[]]></system-err>
</testsuite>
