<?xml version="1.0" encoding="UTF-8"?>
<testsuite name="com.kotlinspring.controller.GreetingControllerUnitTest" tests="1" skipped="0" failures="0" errors="0" timestamp="2023-02-20T02:49:37" hostname="Omatsolas-MBP-2" time="0.644">
  <properties/>
  <testcase name="retrieveGreeting()" classname="com.kotlinspring.controller.GreetingControllerUnitTest" time="0.644"/>
  <system-out><![CDATA[03:49:32.402 [Test worker] DEBUG org.springframework.test.context.BootstrapUtils - Instantiating CacheAwareContextLoaderDelegate from class [org.springframework.test.context.cache.DefaultCacheAwareContextLoaderDelegate]
03:49:32.419 [Test worker] DEBUG org.springframework.test.context.BootstrapUtils - Instantiating BootstrapContext using constructor [public org.springframework.test.context.support.DefaultBootstrapContext(java.lang.Class,org.springframework.test.context.CacheAwareContextLoaderDelegate)]
03:49:32.466 [Test worker] DEBUG org.springframework.test.context.BootstrapUtils - Instantiating TestContextBootstrapper for test class [com.kotlinspring.controller.GreetingControllerUnitTest] from class [org.springframework.boot.test.autoconfigure.web.servlet.WebMvcTestContextBootstrapper]
03:49:32.482 [Test worker] INFO org.springframework.boot.test.autoconfigure.web.servlet.WebMvcTestContextBootstrapper - Neither @ContextConfiguration nor @ContextHierarchy found for test class [com.kotlinspring.controller.GreetingControllerUnitTest], using SpringBootContextLoader
03:49:32.488 [Test worker] DEBUG org.springframework.test.context.support.AbstractContextLoader - Did not detect default resource location for test class [com.kotlinspring.controller.GreetingControllerUnitTest]: class path resource [com/kotlinspring/controller/GreetingControllerUnitTest-context.xml] does not exist
03:49:32.488 [Test worker] DEBUG org.springframework.test.context.support.AbstractContextLoader - Did not detect default resource location for test class [com.kotlinspring.controller.GreetingControllerUnitTest]: class path resource [com/kotlinspring/controller/GreetingControllerUnitTestContext.groovy] does not exist
03:49:32.489 [Test worker] INFO org.springframework.test.context.support.AbstractContextLoader - Could not detect default resource locations for test class [com.kotlinspring.controller.GreetingControllerUnitTest]: no resource found for suffixes {-context.xml, Context.groovy}.
03:49:32.490 [Test worker] INFO org.springframework.test.context.support.AnnotationConfigContextLoaderUtils - Could not detect default configuration classes for test class [com.kotlinspring.controller.GreetingControllerUnitTest]: GreetingControllerUnitTest does not declare any static, non-private, non-final, nested classes annotated with @Configuration.
03:49:32.668 [Test worker] DEBUG org.springframework.test.context.support.ActiveProfilesUtils - Could not find an 'annotation declaring class' for annotation type [org.springframework.test.context.ActiveProfiles] and class [com.kotlinspring.controller.GreetingControllerUnitTest]
03:49:32.846 [Test worker] DEBUG org.springframework.context.annotation.ClassPathScanningCandidateComponentProvider - Identified candidate component class: file [/Users/isaac/Documents/kotlin-projects/course-catalog-service/build/classes/kotlin/main/com/kotlinspring/CourseCatalogServiceApplication.class]
03:49:32.848 [Test worker] INFO org.springframework.boot.test.context.SpringBootTestContextBootstrapper - Found @SpringBootConfiguration com.kotlinspring.CourseCatalogServiceApplication for test class com.kotlinspring.controller.GreetingControllerUnitTest
03:49:32.854 [Test worker] DEBUG org.springframework.boot.test.autoconfigure.web.servlet.WebMvcTestContextBootstrapper - @TestExecutionListeners is not present for class [com.kotlinspring.controller.GreetingControllerUnitTest]: using defaults.
03:49:32.854 [Test worker] INFO org.springframework.boot.test.autoconfigure.web.servlet.WebMvcTestContextBootstrapper - Loaded default TestExecutionListener class names from location [META-INF/spring.factories]: [com.ninjasquad.springmockk.MockkTestExecutionListener, com.ninjasquad.springmockk.ClearMocksTestExecutionListener, org.springframework.boot.test.autoconfigure.restdocs.RestDocsTestExecutionListener, org.springframework.boot.test.autoconfigure.web.client.MockRestServiceServerResetTestExecutionListener, org.springframework.boot.test.autoconfigure.web.servlet.MockMvcPrintOnlyOnFailureTestExecutionListener, org.springframework.boot.test.autoconfigure.web.servlet.WebDriverTestExecutionListener, org.springframework.boot.test.autoconfigure.webservices.client.MockWebServiceServerTestExecutionListener, org.springframework.boot.test.mock.mockito.MockitoTestExecutionListener, org.springframework.boot.test.mock.mockito.ResetMocksTestExecutionListener, org.springframework.test.context.web.ServletTestExecutionListener, org.springframework.test.context.support.DirtiesContextBeforeModesTestExecutionListener, org.springframework.test.context.event.ApplicationEventsTestExecutionListener, org.springframework.test.context.support.DependencyInjectionTestExecutionListener, org.springframework.test.context.support.DirtiesContextTestExecutionListener, org.springframework.test.context.transaction.TransactionalTestExecutionListener, org.springframework.test.context.jdbc.SqlScriptsTestExecutionListener, org.springframework.test.context.event.EventPublishingTestExecutionListener]
03:49:33.108 [Test worker] DEBUG org.springframework.boot.test.autoconfigure.web.servlet.WebMvcTestContextBootstrapper - Skipping candidate TestExecutionListener [org.springframework.test.context.transaction.TransactionalTestExecutionListener] due to a missing dependency. Specify custom listener classes or make the default listener classes and their required dependencies available. Offending class: [org/springframework/transaction/interceptor/TransactionAttributeSource]
03:49:33.108 [Test worker] DEBUG org.springframework.boot.test.autoconfigure.web.servlet.WebMvcTestContextBootstrapper - Skipping candidate TestExecutionListener [org.springframework.test.context.jdbc.SqlScriptsTestExecutionListener] due to a missing dependency. Specify custom listener classes or make the default listener classes and their required dependencies available. Offending class: [org/springframework/transaction/interceptor/TransactionAttribute]
03:49:33.109 [Test worker] INFO org.springframework.boot.test.autoconfigure.web.servlet.WebMvcTestContextBootstrapper - Using TestExecutionListeners: [org.springframework.test.context.web.ServletTestExecutionListener@4c9e38, org.springframework.test.context.support.DirtiesContextBeforeModesTestExecutionListener@5d1e09bc, org.springframework.test.context.event.ApplicationEventsTestExecutionListener@4bdc8b5d, com.ninjasquad.springmockk.MockkTestExecutionListener@3bcd426c, org.springframework.boot.test.mock.mockito.MockitoTestExecutionListener@5f14a673, org.springframework.boot.test.autoconfigure.SpringBootDependencyInjectionTestExecutionListener@726a17c4, org.springframework.test.context.support.DirtiesContextTestExecutionListener@5dc3fcb7, org.springframework.test.context.event.EventPublishingTestExecutionListener@c4c0b41, com.ninjasquad.springmockk.ClearMocksTestExecutionListener@76911385, org.springframework.boot.test.autoconfigure.restdocs.RestDocsTestExecutionListener@5467eea4, org.springframework.boot.test.autoconfigure.web.client.MockRestServiceServerResetTestExecutionListener@160396db, org.springframework.boot.test.autoconfigure.web.servlet.MockMvcPrintOnlyOnFailureTestExecutionListener@7a799159, org.springframework.boot.test.autoconfigure.web.servlet.WebDriverTestExecutionListener@40ab8a8, org.springframework.boot.test.autoconfigure.webservices.client.MockWebServiceServerTestExecutionListener@6ff37443, org.springframework.boot.test.mock.mockito.ResetMocksTestExecutionListener@65cc8228]
03:49:33.114 [Test worker] DEBUG org.springframework.test.context.support.AbstractDirtiesContextTestExecutionListener - Before test class: context [DefaultTestContext@4c0884e8 testClass = GreetingControllerUnitTest, testInstance = [null], testMethod = [null], testException = [null], mergedContextConfiguration = [WebMergedContextConfiguration@231baf51 testClass = GreetingControllerUnitTest, locations = '{}', classes = '{class com.kotlinspring.CourseCatalogServiceApplication}', contextInitializerClasses = '[]', activeProfiles = '{}', propertySourceLocations = '{}', propertySourceProperties = '{org.springframework.boot.test.autoconfigure.web.servlet.WebMvcTestContextBootstrapper=true}', contextCustomizers = set[MockkContextCustomizer(definitions=[[MockkDefinition@11841b15 name = [null], typeToMock = com.kotlinspring.service.GreetingsService, extraInterfaces = set[[empty]], clear = AFTER]]), org.springframework.boot.test.autoconfigure.OverrideAutoConfigurationContextCustomizerFactory$DisableAutoConfigurationContextCustomizer@cd1d761, org.springframework.boot.test.autoconfigure.actuate.metrics.MetricsExportContextCustomizerFactory$DisableMetricExportContextCustomizer@758705fa, org.springframework.boot.test.autoconfigure.filter.TypeExcludeFiltersContextCustomizer@d33ea758, org.springframework.boot.test.autoconfigure.properties.PropertyMappingContextCustomizer@1f96d85a, org.springframework.boot.test.autoconfigure.web.servlet.WebDriverContextCustomizerFactory$Customizer@5f6722d3, [ImportsContextCustomizer@73877e19 key = [org.springframework.boot.autoconfigure.cache.CacheAutoConfiguration, org.springframework.boot.autoconfigure.context.MessageSourceAutoConfiguration, org.springframework.boot.autoconfigure.data.web.SpringDataWebAutoConfiguration, org.springframework.boot.autoconfigure.freemarker.FreeMarkerAutoConfiguration, org.springframework.boot.autoconfigure.groovy.template.GroovyTemplateAutoConfiguration, org.springframework.boot.autoconfigure.gson.GsonAutoConfiguration, org.springframework.boot.autoconfigure.hateoas.HypermediaAutoConfiguration, org.springframework.boot.autoconfigure.http.HttpMessageConvertersAutoConfiguration, org.springframework.boot.autoconfigure.jackson.JacksonAutoConfiguration, org.springframework.boot.autoconfigure.jsonb.JsonbAutoConfiguration, org.springframework.boot.autoconfigure.mustache.MustacheAutoConfiguration, org.springframework.boot.autoconfigure.task.TaskExecutionAutoConfiguration, org.springframework.boot.autoconfigure.thymeleaf.ThymeleafAutoConfiguration, org.springframework.boot.autoconfigure.validation.ValidationAutoConfiguration, org.springframework.boot.autoconfigure.web.servlet.error.ErrorMvcAutoConfiguration, org.springframework.boot.autoconfigure.web.servlet.HttpEncodingAutoConfiguration, org.springframework.boot.autoconfigure.web.servlet.WebMvcAutoConfiguration, org.springframework.boot.test.autoconfigure.web.servlet.MockMvcAutoConfiguration, org.springframework.boot.test.autoconfigure.web.servlet.MockMvcWebClientAutoConfiguration, org.springframework.boot.test.autoconfigure.web.servlet.MockMvcWebDriverAutoConfiguration, org.springframework.boot.autoconfigure.security.oauth2.client.servlet.OAuth2ClientAutoConfiguration, org.springframework.boot.autoconfigure.security.oauth2.resource.servlet.OAuth2ResourceServerAutoConfiguration, org.springframework.boot.autoconfigure.security.servlet.SecurityAutoConfiguration, org.springframework.boot.autoconfigure.security.servlet.SecurityFilterAutoConfiguration, org.springframework.boot.autoconfigure.security.servlet.UserDetailsServiceAutoConfiguration, org.springframework.boot.test.autoconfigure.web.servlet.MockMvcSecurityConfiguration, org.springframework.boot.test.autoconfigure.web.reactive.WebTestClientAutoConfiguration, org.springframework.boot.autoconfigure.security.oauth2.client.reactive.ReactiveOAuth2ClientAutoConfiguration, org.springframework.boot.autoconfigure.security.oauth2.resource.reactive.ReactiveOAuth2ResourceServerAutoConfiguration, org.springframework.boot.autoconfigure.security.reactive.ReactiveSecurityAutoConfiguration, org.springframework.boot.autoconfigure.security.reactive.ReactiveUserDetailsServiceAutoConfiguration]], org.springframework.boot.test.context.filter.ExcludeFilterContextCustomizer@4d722ac9, org.springframework.boot.test.json.DuplicateJsonObjectContextCustomizerFactory$DuplicateJsonObjectContextCustomizer@3d97a632, org.springframework.boot.test.mock.mockito.MockitoContextCustomizer@0, org.springframework.boot.test.context.SpringBootTestArgs@1, org.springframework.boot.test.context.SpringBootTestWebEnvironment@0], resourceBasePath = 'src/main/webapp', contextLoader = 'org.springframework.boot.test.context.SpringBootContextLoader', parent = [null]], attributes = map[[empty]]], class annotated with @DirtiesContext [false] with mode [null].

  .   ____          _            __ _ _
 /\\ / ___'_ __ _ _(_)_ __  __ _ \ \ \ \
( ( )\___ | '_ | '_| | '_ \/ _` | \ \ \ \
 \\/  ___)| |_)| | | | | || (_| |  ) ) ) )
  '  |____| .__|_| |_|_| |_\__, | / / / /
 =========|_|==============|___/=/_/_/_/
 :: Spring Boot ::                (v2.6.3)

2023-02-20 03:49:33.818  INFO 20676 --- [    Test worker] c.k.c.GreetingControllerUnitTest         : Starting GreetingControllerUnitTest using Java 17.0.5 on Omatsolas-MBP-2 with PID 20676 (started by isaac in /Users/isaac/Documents/kotlin-projects/course-catalog-service)
2023-02-20 03:49:33.819  INFO 20676 --- [    Test worker] c.k.c.GreetingControllerUnitTest         : No active profile set, falling back to default profiles: default
2023-02-20 03:49:36.972  INFO 20676 --- [    Test worker] o.s.b.t.m.w.SpringBootMockServletContext : Initializing Spring TestDispatcherServlet ''
2023-02-20 03:49:36.972  INFO 20676 --- [    Test worker] o.s.t.web.servlet.TestDispatcherServlet  : Initializing Servlet ''
2023-02-20 03:49:36.974  INFO 20676 --- [    Test worker] o.s.t.web.servlet.TestDispatcherServlet  : Completed initialization in 1 ms
2023-02-20 03:49:37.251  INFO 20676 --- [    Test worker] c.k.c.GreetingControllerUnitTest         : Started GreetingControllerUnitTest in 3.994 seconds (JVM running for 5.756)
]]></system-out>
  <system-err><![CDATA[]]></system-err>
</testsuite>
